2453304147: THREAD 0 WAITING FOR MY TURN
2453304177: THREAD 1 WAITING FOR MY TURN
2453304177: THREAD 2 WAITING FOR MY TURN
2453304177: THREAD 3 WAITING FOR MY TURN
2453304177: THREAD 4 WAITING FOR MY TURN
2453304177: THREAD 5 WAITING FOR MY TURN
2453304177: THREAD 6 WAITING FOR MY TURN
2453304178: THREAD 7 WAITING FOR MY TURN
2453304178: THREAD 8 WAITING FOR MY TURN
2453304178: THREAD 9 WAITING FOR MY TURN
2453304178: THREAD 10 WAITING FOR MY TURN
2453304178: THREAD 11 WAITING FOR MY TURN
2453304178: THREAD 12 WAITING FOR MY TURN
2453304178: THREAD 13 WAITING FOR MY TURN
2453304178: THREAD 14 WAITING FOR MY TURN
2453304178: THREAD 15 WAITING FOR MY TURN
2453304179: THREAD 16 WAITING FOR MY TURN
2453304179: THREAD 17 WAITING FOR MY TURN
2453304179: THREAD 18 WAITING FOR MY TURN
2453304179: THREAD 19 WAITING FOR MY TURN
2453304179: THREAD 20 WAITING FOR MY TURN
2453304179: THREAD 21 WAITING FOR MY TURN
2453304179: THREAD 22 WAITING FOR MY TURN
2453304179: THREAD 23 WAITING FOR MY TURN
2453304179: THREAD 24 WAITING FOR MY TURN
2453304179: THREAD 25 WAITING FOR MY TURN
2453304180: THREAD 26 WAITING FOR MY TURN
2453304180: THREAD 27 WAITING FOR MY TURN
2453304180: THREAD 28 WAITING FOR MY TURN
2453304180: THREAD 29 WAITING FOR MY TURN
2453304180: THREAD 30 WAITING FOR MY TURN
2453304180: THREAD 31 WAITING FOR MY TURN
2453304180: THREAD 32 WAITING FOR MY TURN
2453304180: THREAD 33 WAITING FOR MY TURN
2453304180: THREAD 34 WAITING FOR MY TURN
2453304181: THREAD 35 WAITING FOR MY TURN
2453304181: THREAD 36 WAITING FOR MY TURN
2453304181: THREAD 37 WAITING FOR MY TURN
2453304181: THREAD 38 WAITING FOR MY TURN
2453304181: THREAD 39 WAITING FOR MY TURN
2453304181: THREAD 40 WAITING FOR MY TURN
2453304181: THREAD 41 WAITING FOR MY TURN
2453304181: THREAD 42 WAITING FOR MY TURN
2453304181: THREAD 43 WAITING FOR MY TURN
2453304182: THREAD 44 WAITING FOR MY TURN
2453304182: THREAD 45 WAITING FOR MY TURN
2453304182: THREAD 46 WAITING FOR MY TURN
2453304182: THREAD 47 WAITING FOR MY TURN
2453304182: THREAD 48 WAITING FOR MY TURN
2453304182: THREAD 49 WAITING FOR MY TURN
2453304182: THREAD 50 WAITING FOR MY TURN
2453304182: THREAD 51 WAITING FOR MY TURN
2453304182: THREAD 52 WAITING FOR MY TURN
2453304182: THREAD 53 WAITING FOR MY TURN
2453304183: THREAD 54 WAITING FOR MY TURN
2453304183: THREAD 55 WAITING FOR MY TURN
2453304183: THREAD 56 WAITING FOR MY TURN
2453304183: THREAD 57 WAITING FOR MY TURN
2453304183: THREAD 58 WAITING FOR MY TURN
2453304183: THREAD 59 WAITING FOR MY TURN
2453304184: THREAD 0 AWAKENED FOR WORK
2453304184: THREAD 0 INSERT,1874280167,Shigeru Miyamoto,85000 
2453304184: THREAD 0 WRITE LOCK ACQUIRED
2453304184: THREAD 0 WRITE LOCK RELEASED
2453304212: THREAD 1 AWAKENED FOR WORK
2453304213: THREAD 1 INSERT,2569965317,Hideo Kojima,92000 
2453304213: THREAD 1 WRITE LOCK ACQUIRED
2453304213: THREAD 1 WRITE LOCK RELEASED
2453304216: THREAD 2 AWAKENED FOR WORK
2453304216: THREAD 2 INSERT,448054155,Gabe Newell,88000 
2453304216: THREAD 2 WRITE LOCK ACQUIRED
2453304216: THREAD 2 WRITE LOCK RELEASED
2453304217: THREAD 3 AWAKENED FOR WORK
2453304218: THREAD 3 INSERT,3885792650,Todd Howard,79000 
2453304218: THREAD 3 WRITE LOCK ACQUIRED
2453304218: THREAD 3 WRITE LOCK RELEASED
2453304258: THREAD 4 AWAKENED FOR WORK
2453304259: THREAD 4 INSERT,1088855094,Hidetaka Miyazaki,95000 
2453304259: THREAD 4 WRITE LOCK ACQUIRED
2453304259: THREAD 4 WRITE LOCK RELEASED
2453304280: THREAD 5 AWAKENED FOR WORK
2453304280: THREAD 5 PRINT
2453304280: THREAD 5 READ LOCK ACQUIRED
2453304280: THREAD 5 READ LOCK RELEASED
2453304328: THREAD 6 AWAKENED FOR WORK
2453304329: THREAD 6 SEARCH,1874280167,Shigeru Miyamoto
2453304329: THREAD 6 READ LOCK ACQUIRED
2453304329: THREAD 6 READ LOCK RELEASED
2453304331: THREAD 7 AWAKENED FOR WORK
2453304331: THREAD 7 SEARCH,2569965317,Hideo Kojima
2453304331: THREAD 7 READ LOCK ACQUIRED
2453304331: THREAD 7 READ LOCK RELEASED
2453304333: THREAD 8 AWAKENED FOR WORK
2453304333: THREAD 8 INSERT,1698859017,Hayao Miyazaki,105000 
2453304333: THREAD 8 WRITE LOCK ACQUIRED
2453304333: THREAD 8 WRITE LOCK RELEASED
2453304335: THREAD 9 AWAKENED FOR WORK
2453304376: THREAD 9 INSERT,1636918322,Satoshi Kon,98000 
2453304376: THREAD 9 WRITE LOCK ACQUIRED
2453304376: THREAD 9 WRITE LOCK RELEASED
2453304433: THREAD 10 AWAKENED FOR WORK
2453304434: THREAD 10 INSERT,2395623603,Makoto Shinkai,102000 
2453304434: THREAD 10 WRITE LOCK ACQUIRED
2453304434: THREAD 10 WRITE LOCK RELEASED
2453304437: THREAD 11 AWAKENED FOR WORK
2453304438: THREAD 11 PRINT
2453304438: THREAD 11 READ LOCK ACQUIRED
2453304438: THREAD 11 READ LOCK RELEASED
2453304529: THREAD 12 AWAKENED FOR WORK
2453304530: THREAD 12 UPDATE,1874280167,Shigeru Miyamoto,90000
2453304530: THREAD 12 WRITE LOCK ACQUIRED
2453304530: THREAD 12 WRITE LOCK RELEASED
2453304594: THREAD 13 AWAKENED FOR WORK
2453304594: THREAD 13 UPDATE,2569965317,Hideo Kojima,97000
2453304594: THREAD 13 WRITE LOCK ACQUIRED
2453304594: THREAD 13 WRITE LOCK RELEASED
2453304598: THREAD 14 AWAKENED FOR WORK
2453304598: THREAD 14 SEARCH,1874280167,Shigeru Miyamoto
2453304598: THREAD 14 READ LOCK ACQUIRED
2453304598: THREAD 14 READ LOCK RELEASED
2453304600: THREAD 15 AWAKENED FOR WORK
2453304600: THREAD 15 SEARCH,2569965317,Hideo Kojima
2453304600: THREAD 15 READ LOCK ACQUIRED
2453304600: THREAD 15 READ LOCK RELEASED
2453304602: THREAD 16 AWAKENED FOR WORK
2453304602: THREAD 16 INSERT,3985384421,Cloud Strife,75000 
2453304602: THREAD 16 WRITE LOCK ACQUIRED
2453304602: THREAD 16 WRITE LOCK RELEASED
2453304604: THREAD 17 AWAKENED FOR WORK
2453304605: THREAD 17 INSERT,1962867686,Samus Aran,78000 
2453304605: THREAD 17 WRITE LOCK ACQUIRED
2453304605: THREAD 17 WRITE LOCK RELEASED
2453304606: THREAD 18 AWAKENED FOR WORK
2453304606: THREAD 18 INSERT,2984192943,Link,82000 
2453304606: THREAD 18 WRITE LOCK ACQUIRED
2453304606: THREAD 18 WRITE LOCK RELEASED
2453304608: THREAD 19 AWAKENED FOR WORK
2453304608: THREAD 19 SEARCH,3985384421,Cloud Strife
2453304608: THREAD 19 READ LOCK ACQUIRED
2453304608: THREAD 19 READ LOCK RELEASED
2453304610: THREAD 20 AWAKENED FOR WORK
2453304610: THREAD 20 SEARCH,2984192943,Link
2453304610: THREAD 20 READ LOCK ACQUIRED
2453304610: THREAD 20 READ LOCK RELEASED
2453304612: THREAD 21 AWAKENED FOR WORK
2453304612: THREAD 21 PRINT
2453304612: THREAD 21 READ LOCK ACQUIRED
2453304612: THREAD 21 READ LOCK RELEASED
2453304622: THREAD 22 AWAKENED FOR WORK
2453304622: THREAD 22 DELETE,3885792650,Todd Howard
2453304622: THREAD 22 WRITE LOCK ACQUIRED
2453304622: THREAD 22 WRITE LOCK RELEASED
2453304666: THREAD 23 AWAKENED FOR WORK
2453304667: THREAD 23 SEARCH,3885792650,Todd Howard
2453304667: THREAD 23 READ LOCK ACQUIRED
2453304667: THREAD 23 READ LOCK RELEASED
2453304711: THREAD 24 AWAKENED FOR WORK
2453304712: THREAD 24 INSERT,1687466630,Solid Snake,80000 
2453304712: THREAD 24 WRITE LOCK ACQUIRED
2453304712: THREAD 24 WRITE LOCK RELEASED
2453304735: THREAD 25 AWAKENED FOR WORK
2453304736: THREAD 25 INSERT,74577200,Master Chief,83000 
2453304736: THREAD 25 WRITE LOCK ACQUIRED
2453304736: THREAD 25 WRITE LOCK RELEASED
2453304776: THREAD 26 AWAKENED FOR WORK
2453304777: THREAD 26 UPDATE,448054155,Gabe Newell,93000
2453304777: THREAD 26 WRITE LOCK ACQUIRED
2453304777: THREAD 26 WRITE LOCK RELEASED
2453304782: THREAD 27 AWAKENED FOR WORK
2453304782: THREAD 27 SEARCH,448054155,Gabe Newell
2453304782: THREAD 27 READ LOCK ACQUIRED
2453304782: THREAD 27 READ LOCK RELEASED
2453304808: THREAD 28 AWAKENED FOR WORK
2453304808: THREAD 28 INSERT,2407962485,Aerith Gainsborough,71000 
2453304808: THREAD 28 WRITE LOCK ACQUIRED
2453304808: THREAD 28 WRITE LOCK RELEASED
2453304845: THREAD 29 AWAKENED FOR WORK
2453304845: THREAD 29 INSERT,577223543,Tifa Lockhart,69000 
2453304845: THREAD 29 WRITE LOCK ACQUIRED
2453304845: THREAD 29 WRITE LOCK RELEASED
2453304878: THREAD 30 AWAKENED FOR WORK
2453304879: THREAD 30 INSERT,1944738683,Yuna,74000 
2453304879: THREAD 30 WRITE LOCK ACQUIRED
2453304879: THREAD 30 WRITE LOCK RELEASED
2453304884: THREAD 31 AWAKENED FOR WORK
2453304884: THREAD 31 PRINT
2453304884: THREAD 31 READ LOCK ACQUIRED
2453304884: THREAD 31 READ LOCK RELEASED
2453305004: THREAD 32 AWAKENED FOR WORK
2453305004: THREAD 32 SEARCH,2407962485,Aerith Gainsborough
2453305004: THREAD 32 READ LOCK ACQUIRED
2453305004: THREAD 32 READ LOCK RELEASED
2453305073: THREAD 33 AWAKENED FOR WORK
2453305073: THREAD 33 UPDATE,2407962485,Aerith Gainsborough,76000
2453305073: THREAD 33 WRITE LOCK ACQUIRED
2453305073: THREAD 33 WRITE LOCK RELEASED
2453305092: THREAD 34 AWAKENED FOR WORK
2453305093: THREAD 34 SEARCH,2407962485,Aerith Gainsborough
2453305093: THREAD 34 READ LOCK ACQUIRED
2453305093: THREAD 34 READ LOCK RELEASED
2453305094: THREAD 35 AWAKENED FOR WORK
2453305094: THREAD 35 DELETE,1636918322,Satoshi Kon
2453305094: THREAD 35 WRITE LOCK ACQUIRED
2453305094: THREAD 35 WRITE LOCK RELEASED
2453305096: THREAD 36 AWAKENED FOR WORK
2453305096: THREAD 36 SEARCH,1636918322,Satoshi Kon
2453305096: THREAD 36 READ LOCK ACQUIRED
2453305096: THREAD 36 READ LOCK RELEASED
2453305098: THREAD 37 AWAKENED FOR WORK
2453305098: THREAD 37 INSERT,570842830,Nobuo Uematsu,88000 
2453305098: THREAD 37 WRITE LOCK ACQUIRED
2453305098: THREAD 37 WRITE LOCK RELEASED
2453305100: THREAD 38 AWAKENED FOR WORK
2453305100: THREAD 38 INSERT,1499823524,Koji Kondo,86000 
2453305100: THREAD 38 WRITE LOCK ACQUIRED
2453305100: THREAD 38 WRITE LOCK RELEASED
2453305101: THREAD 39 AWAKENED FOR WORK
2453305102: THREAD 39 INSERT,3972258834,Yoko Shimomura,91000 
2453305102: THREAD 39 WRITE LOCK ACQUIRED
2453305102: THREAD 39 WRITE LOCK RELEASED
2453305103: THREAD 40 AWAKENED FOR WORK
2453305103: THREAD 40 PRINT
2453305103: THREAD 40 READ LOCK ACQUIRED
2453305103: THREAD 40 READ LOCK RELEASED
2453305146: THREAD 41 AWAKENED FOR WORK
2453305146: THREAD 41 UPDATE,1088855094,Hidetaka Miyazaki,100000
2453305146: THREAD 41 WRITE LOCK ACQUIRED
2453305146: THREAD 41 WRITE LOCK RELEASED
2453305148: THREAD 42 AWAKENED FOR WORK
2453305148: THREAD 42 UPDATE,1698859017,Hayao Miyazaki,110000
2453305148: THREAD 42 WRITE LOCK ACQUIRED
2453305148: THREAD 42 WRITE LOCK RELEASED
2453305150: THREAD 43 AWAKENED FOR WORK
2453305151: THREAD 43 SEARCH,1088855094,Hidetaka Miyazaki
2453305151: THREAD 43 READ LOCK ACQUIRED
2453305151: THREAD 43 READ LOCK RELEASED
2453305152: THREAD 44 AWAKENED FOR WORK
2453305152: THREAD 44 SEARCH,1698859017,Hayao Miyazaki
2453305152: THREAD 44 READ LOCK ACQUIRED
2453305152: THREAD 44 READ LOCK RELEASED
2453305154: THREAD 45 AWAKENED FOR WORK
2453305154: THREAD 45 INSERT,2149605728,Mario,65000 
2453305154: THREAD 45 WRITE LOCK ACQUIRED
2453305154: THREAD 45 WRITE LOCK RELEASED
2453305159: THREAD 46 AWAKENED FOR WORK
2453305159: THREAD 46 INSERT,3075887164,Sonic,67000 
2453305159: THREAD 46 WRITE LOCK ACQUIRED
2453305159: THREAD 46 WRITE LOCK RELEASED
2453305161: THREAD 47 AWAKENED FOR WORK
2453305161: THREAD 47 DELETE,577223543,Tifa Lockhart
2453305161: THREAD 47 WRITE LOCK ACQUIRED
2453305161: THREAD 47 WRITE LOCK RELEASED
2453305183: THREAD 48 AWAKENED FOR WORK
2453305183: THREAD 48 SEARCH,577223543,Tifa Lockhart
2453305183: THREAD 48 READ LOCK ACQUIRED
2453305183: THREAD 48 READ LOCK RELEASED
2453305186: THREAD 49 AWAKENED FOR WORK
2453305187: THREAD 49 INSERT,2553899711,Lara Croft,77000 
2453305187: THREAD 49 WRITE LOCK ACQUIRED
2453305187: THREAD 49 WRITE LOCK RELEASED
2453305189: THREAD 50 AWAKENED FOR WORK
2453305189: THREAD 50 UPDATE,74577200,Master Chief,88000
2453305189: THREAD 50 WRITE LOCK ACQUIRED
2453305189: THREAD 50 WRITE LOCK RELEASED
2453305192: THREAD 51 AWAKENED FOR WORK
2453305193: THREAD 51 SEARCH,74577200,Master Chief
2453305193: THREAD 51 READ LOCK ACQUIRED
2453305193: THREAD 51 READ LOCK RELEASED
2453305195: THREAD 52 AWAKENED FOR WORK
2453305195: THREAD 52 PRINT
2453305195: THREAD 52 READ LOCK ACQUIRED
2453305195: THREAD 52 READ LOCK RELEASED
2453305279: THREAD 53 AWAKENED FOR WORK
2453305280: THREAD 53 INSERT,2693621267,Kirby,62000 
2453305280: THREAD 53 WRITE LOCK ACQUIRED
2453305280: THREAD 53 WRITE LOCK RELEASED
2453305282: THREAD 54 AWAKENED FOR WORK
2453305283: THREAD 54 UPDATE,2984192943,Link,87000
2453305283: THREAD 54 WRITE LOCK ACQUIRED
2453305283: THREAD 54 WRITE LOCK RELEASED
2453305285: THREAD 55 AWAKENED FOR WORK
2453305285: THREAD 55 DELETE,1944738683,Yuna
2453305285: THREAD 55 WRITE LOCK ACQUIRED
2453305285: THREAD 55 WRITE LOCK RELEASED
2453305350: THREAD 56 AWAKENED FOR WORK
2453305351: THREAD 56 INSERT,1925106209,Geralt of Rivia,84000 
2453305351: THREAD 56 WRITE LOCK ACQUIRED
2453305351: THREAD 56 WRITE LOCK RELEASED
2453305379: THREAD 57 AWAKENED FOR WORK
2453305379: THREAD 57 SEARCH,3031909796,Nonexistent Character
2453305379: THREAD 57 READ LOCK ACQUIRED
2453305379: THREAD 57 READ LOCK RELEASED
2453305413: THREAD 58 AWAKENED FOR WORK
2453305413: THREAD 58 UPDATE,1513496221,Missing Person,99999
2453305413: THREAD 58 WRITE LOCK ACQUIRED
2453305413: THREAD 58 WRITE LOCK RELEASED
2453305447: THREAD 59 AWAKENED FOR WORK
2453305447: THREAD 59 PRINT
2453305447: THREAD 59 READ LOCK ACQUIRED
2453305447: THREAD 59 READ LOCK RELEASED
Number of lock acquisitions: 60
Number of lock releases: 60
Final Table:
1874280167,Shigeru Miyamoto,90000
2569965317,Hideo Kojima,97000
448054155,Gabe Newell,93000
1088855094,Hidetaka Miyazaki,100000
1698859017,Hayao Miyazaki,110000
2395623603,Makoto Shinkai,102000
3985384421,Cloud Strife,75000
1962867686,Samus Aran,78000
2984192943,Link,87000
1687466630,Solid Snake,80000
74577200,Master Chief,88000
2407962485,Aerith Gainsborough,76000
570842830,Nobuo Uematsu,88000
1499823524,Koji Kondo,86000
3972258834,Yoko Shimomura,91000
2149605728,Mario,65000
3075887164,Sonic,67000
2553899711,Lara Croft,77000
2693621267,Kirby,62000
1925106209,Geralt of Rivia,84000
